빌드 시작: 2014-07-23 오전 9:32:20
     1>2 노드의 "C:\Users\PC\Desktop\종다리\BattleShip_정세빈\BattleShip_pp\BattleShip_pp.vcxproj" 프로젝트(Build 대상)입니다.
     1>ClCompile:
         C:\Program Files (x86)\Microsoft Visual Studio 12.0\VC\bin\CL.exe /c /ZI /nologo /W4 /WX- /sdl /Od /Oy- /D WIN32 /D _DEBUG /D _CONSOLE /D _LIB /D _UNICODE /D UNICODE /Gm /EHsc /RTC1 /MDd /GS /fp:precise /Zc:wchar_t /Zc:forScope /Yc"stdafx.h" /Fp"Debug\BattleShip_pp.pch" /Fo"Debug\\" /Fd"Debug\vc120.pdb" /Gd /TP /analyze- /errorReport:prompt stdafx.cpp
         stdafx.cpp
         C:\Program Files (x86)\Microsoft Visual Studio 12.0\VC\bin\CL.exe /c /ZI /nologo /W4 /WX- /sdl /Od /Oy- /D WIN32 /D _DEBUG /D _CONSOLE /D _LIB /D _UNICODE /D UNICODE /Gm /EHsc /RTC1 /MDd /GS /fp:precise /Zc:wchar_t /Zc:forScope /Yu"stdafx.h" /Fp"Debug\BattleShip_pp.pch" /Fo"Debug\\" /Fd"Debug\vc120.pdb" /Gd /TP /analyze- /errorReport:prompt Aircraft.cpp BattleShip_pp.cpp Battleship.cpp Cruiser.cpp Destroyer.cpp GameManager.cpp Map.cpp Player.cpp Ship.cpp Submarine.cpp
         Player.cpp
         Map.cpp
         코드를 생성하고 있습니다...
         건너뛰고 있습니다... (관련된 변경 내용 없음)
         Submarine.cpp
         Ship.cpp
         GameManager.cpp
         Destroyer.cpp
         Cruiser.cpp
         Battleship.cpp
         BattleShip_pp.cpp
         Aircraft.cpp
       Link:
         C:\Program Files (x86)\Microsoft Visual Studio 12.0\VC\bin\link.exe /ERRORREPORT:PROMPT /OUT:"C:\Users\PC\Desktop\종다리\BattleShip_정세빈\Debug\BattleShip_pp.exe" /INCREMENTAL /NOLOGO kernel32.lib user32.lib gdi32.lib winspool.lib comdlg32.lib advapi32.lib shell32.lib ole32.lib oleaut32.lib uuid.lib odbc32.lib odbccp32.lib /MANIFEST /MANIFESTUAC:"level='asInvoker' uiAccess='false'" /manifest:embed /DEBUG /PDB:"C:\Users\PC\Desktop\종다리\BattleShip_정세빈\Debug\BattleShip_pp.pdb" /SUBSYSTEM:CONSOLE /TLBID:1 /DYNAMICBASE /NXCOMPAT /IMPLIB:"C:\Users\PC\Desktop\종다리\BattleShip_정세빈\Debug\BattleShip_pp.lib" /MACHINE:X86 Debug\Aircraft.obj
         Debug\Battleship.obj
         Debug\BattleShip_pp.obj
         Debug\Cruiser.obj
         Debug\Destroyer.obj
         Debug\GameManager.obj
         Debug\Map.obj
         Debug\Player.obj
         Debug\Ship.obj
         Debug\stdafx.obj
         Debug\Submarine.obj
     1>Map.obj : error LNK2019: "public: void __thiscall Map::mapSet(class Aircraft,class Battleship,class Cruiser,class Destroyer,class Destroyer,class Submarine,class Submarine,int * * const)" (?mapSet@Map@@QAEXVAircraft@@VBattleship@@VCruiser@@VDestroyer@@3VSubmarine@@4QAPAH@Z) 외부 기호(참조 위치: "public: __thiscall Map::Map(void)" (??0Map@@QAE@XZ) 함수)에서 확인하지 못했습니다.
     1>C:\Users\PC\Desktop\종다리\BattleShip_정세빈\Debug\BattleShip_pp.exe : fatal error LNK1120: 1개의 확인할 수 없는 외부 참조입니다.
     1>"C:\Users\PC\Desktop\종다리\BattleShip_정세빈\BattleShip_pp\BattleShip_pp.vcxproj" 프로젝트를 빌드했습니다(Build 대상). - 실패

빌드하지 못했습니다.

경과 시간: 00:00:01.99
